1695750157354	geckodriver	INFO	Listening on 127.0.0.1:58188
1695750160415	mozrunner::runner	INFO	Running command: "C:\\Users\\scarn\\.cache\\selenium\\firefox\\win64\\118.0\\firefox.exe" "--marionette" "--remote-debugging- ... 9" "--remote-allow-hosts" "localhost" "-no-remote" "-profile" "C:\\Users\\scarn\\AppData\\Local\\Temp\\rust_mozprofile0xnMTo"
console.warn: services.settings: Ignoring preference override of remote settings server
console.warn: services.settings: Allow by setting MOZ_REMOTE_SETTINGS_DEVTOOLS=1 in the environment
1695750161568	Marionette	INFO	Marionette enabled
Dynamically enable window occlusion 0
1695750161706	Marionette	INFO	Listening on port 58199
WebDriver BiDi listening on ws://127.0.0.1:58189
Read port: 58199
1695750161898	RemoteAgent	WARN	TLS certificate errors will be ignored for this session
DevTools listening on ws://127.0.0.1:58189/devtools/browser/c5b788de-3078-45b2-98c7-4947c8ba9d76
console.error: Region.sys.mjs: "Error fetching region" (new Error("TIMEOUT", "resource://gre/modules/Region.sys.mjs", 759))
console.error: Region.sys.mjs: "Failed to fetch region" (new Error("TIMEOUT", "resource://gre/modules/Region.sys.mjs", 411))
console.warn: LoginRecipes: "Falling back to a synchronous message for: https://siga.usm.cl."
console.warn: LoginRecipes: "Falling back to a synchronous message for: https://siga.usm.cl."
1695750218119	Marionette	WARN	Ignoring event 'DOMContentLoaded' because document has an invalid readyState of 'complete'.
console.warn: services.settings: Ignoring preference override of remote settings server
console.warn: services.settings: Allow by setting MOZ_REMOTE_SETTINGS_DEVTOOLS=1 in the environment
console.error: (new TypeError("lazy.AsyncShutdown.profileBeforeChange is undefined", "resource://services-settings/Database.sys.mjs", 593))
1695750375479	geckodriver	INFO	Listening on 127.0.0.1:51617
1695750378505	mozrunner::runner	INFO	Running command: "C:\\Users\\scarn\\.cache\\selenium\\firefox\\win64\\118.0\\firefox.exe" "--marionette" "--remote-debugging- ... 8" "--remote-allow-hosts" "localhost" "-no-remote" "-profile" "C:\\Users\\scarn\\AppData\\Local\\Temp\\rust_mozprofileJXDe3S"
console.warn: services.settings: Ignoring preference override of remote settings server
console.warn: services.settings: Allow by setting MOZ_REMOTE_SETTINGS_DEVTOOLS=1 in the environment
1695750378835	Marionette	INFO	Marionette enabled
Dynamically enable window occlusion 0
1695750378935	Marionette	INFO	Listening on port 51625
Read port: 51625
WebDriver BiDi listening on ws://127.0.0.1:51618
1695750379024	RemoteAgent	WARN	TLS certificate errors will be ignored for this session
DevTools listening on ws://127.0.0.1:51618/devtools/browser/e50c6b6f-99fa-4483-9864-8404ef4f4f25
console.warn: LoginRecipes: "Falling back to a synchronous message for: https://siga.usm.cl."
console.warn: LoginRecipes: "Falling back to a synchronous message for: https://siga.usm.cl."
1695750394347	Marionette	WARN	Ignoring event 'DOMContentLoaded' because document has an invalid readyState of 'complete'.
1695752154516	geckodriver	INFO	Listening on 127.0.0.1:57352
1695752157675	mozrunner::runner	INFO	Running command: "C:\\Users\\scarn\\.cache\\selenium\\firefox\\win64\\118.0\\firefox.exe" "--marionette" "--remote-debugging- ... 3" "--remote-allow-hosts" "localhost" "-no-remote" "-profile" "C:\\Users\\scarn\\AppData\\Local\\Temp\\rust_mozprofilefK07sC"
console.warn: services.settings: Ignoring preference override of remote settings server
console.warn: services.settings: Allow by setting MOZ_REMOTE_SETTINGS_DEVTOOLS=1 in the environment
1695752158347	Marionette	INFO	Marionette enabled
Dynamically enable window occlusion 0
1695752158457	Marionette	INFO	Listening on port 57406
WebDriver BiDi listening on ws://127.0.0.1:57353
Read port: 57406
1695752158742	RemoteAgent	WARN	TLS certificate errors will be ignored for this session
DevTools listening on ws://127.0.0.1:57353/devtools/browser/0c2e4c27-0cf1-45b6-b288-24ed08b1dba0
console.warn: LoginRecipes: "Falling back to a synchronous message for: https://siga.usm.cl."
console.warn: LoginRecipes: "Falling back to a synchronous message for: https://siga.usm.cl."
1695752246998	Marionette	WARN	Ignoring event 'DOMContentLoaded' because document has an invalid readyState of 'complete'.
console.warn: LoginRecipes: "Falling back to a synchronous message for: https://siga.usm.cl."
1695752286046	Marionette	WARN	Ignoring event 'DOMContentLoaded' because document has an invalid readyState of 'complete'.
console.warn: LoginRecipes: "Falling back to a synchronous message for: https://siga.usm.cl."
console.warn: LoginRecipes: "Falling back to a synchronous message for: https://siga.usm.cl."
1695752303806	Marionette	WARN	Ignoring event 'DOMContentLoaded' because document has an invalid readyState of 'complete'.
console.warn: LoginRecipes: "Falling back to a synchronous message for: https://siga.usm.cl."
1695752318135	Marionette	WARN	Ignoring event 'DOMContentLoaded' because document has an invalid readyState of 'complete'.
console.warn: services.settings: Ignoring preference override of remote settings server
console.warn: services.settings: Allow by setting MOZ_REMOTE_SETTINGS_DEVTOOLS=1 in the environment
console.error: (new TypeError("lazy.AsyncShutdown.profileBeforeChange is undefined", "resource://services-settings/Database.sys.mjs", 593))
console.error: "Failed to start [root-node] legacy listener for target null" (new Error("Connection closed, pending request to server0.conn0.windowGlobal6442451004/inspectorActor4, type getWalker failed\n\nRequest stack:\nrequest@resource://devtools/shared/protocol/Front.js:300:14\ngenerateRequestMethods/</frontProto[name]@resource://devtools/shared/protocol/Front/FrontClassWithSpec.js:47:19\n_getWalker@resource://devtools/client/fronts/inspector.js:84:30\ninitialize@resource://devtools/client/fronts/inspector.js:73:12\n", "resource://devtools/shared/protocol/Front.js", 106))
console.warn: "Error while destroying front:" "inspector" (new Error("Connection closed, pending request to server0.conn0.windowGlobal6442451004/inspectorActor4, type getWalker failed\n\nRequest stack:\nrequest@resource://devtools/shared/protocol/Front.js:300:14\ngenerateRequestMethods/</frontProto[name]@resource://devtools/shared/protocol/Front/FrontClassWithSpec.js:47:19\n_getWalker@resource://devtools/client/fronts/inspector.js:84:30\ninitialize@resource://devtools/client/fronts/inspector.js:73:12\n", "resource://devtools/shared/protocol/Front.js", 106))
JavaScript error: resource://devtools/shared/protocol/Front.js, line 106: Error: Connection closed, pending request to server0.conn0.windowGlobal6442451004/inspectorActor4, type getWalker failed

Request stack:
request@resource://devtools/shared/protocol/Front.js:300:14
generateRequestMethods/</frontProto[name]@resource://devtools/shared/protocol/Front/FrontClassWithSpec.js:47:19
_getWalker@resource://devtools/client/fronts/inspector.js:84:30
initialize@resource://devtools/client/fronts/inspector.js:73:12

JavaScript error: , line 0: NotFoundError: No such JSWindowActor 'DevToolsFrame'
JavaScript error: , line 0: NotFoundError: No such JSWindowActor 'DevToolsFrame'
console.warn: LoginRecipes: "Falling back to a synchronous message for: https://siga.usm.cl."
console.warn: LoginRecipes: "Falling back to a synchronous message for: https://siga.usm.cl."
1695752365064	Marionette	WARN	Ignoring event 'DOMContentLoaded' because document has an invalid readyState of 'complete'.
1695752732692	geckodriver	INFO	Listening on 127.0.0.1:57736
1695752735761	mozrunner::runner	INFO	Running command: "C:\\Users\\scarn\\.cache\\selenium\\firefox\\win64\\118.0\\firefox.exe" "--marionette" "--remote-debugging- ... 7" "--remote-allow-hosts" "localhost" "-no-remote" "-profile" "C:\\Users\\scarn\\AppData\\Local\\Temp\\rust_mozprofileE4oHd0"
console.warn: services.settings: Ignoring preference override of remote settings server
console.warn: services.settings: Allow by setting MOZ_REMOTE_SETTINGS_DEVTOOLS=1 in the environment
1695752736067	Marionette	INFO	Marionette enabled
Dynamically enable window occlusion 0
1695752736139	Marionette	INFO	Listening on port 57746
WebDriver BiDi listening on ws://127.0.0.1:57737
Read port: 57746
1695752736361	RemoteAgent	WARN	TLS certificate errors will be ignored for this session
DevTools listening on ws://127.0.0.1:57737/devtools/browser/db10edb4-229b-40c6-8b6c-2bfd30f8bcf9
console.warn: LoginRecipes: "Falling back to a synchronous message for: https://siga.usm.cl."
console.warn: LoginRecipes: "Falling back to a synchronous message for: https://siga.usm.cl."
1695752899722	Marionette	WARN	Ignoring event 'DOMContentLoaded' because document has an invalid readyState of 'complete'.
1695754854638	geckodriver	INFO	Listening on 127.0.0.1:57587
1695754857669	mozrunner::runner	INFO	Running command: "C:\\Users\\scarn\\.cache\\selenium\\firefox\\win64\\118.0\\firefox.exe" "--marionette" "--remote-debugging- ... 8" "--remote-allow-hosts" "localhost" "-no-remote" "-profile" "C:\\Users\\scarn\\AppData\\Local\\Temp\\rust_mozprofileF6K1QV"
console.warn: services.settings: Ignoring preference override of remote settings server
console.warn: services.settings: Allow by setting MOZ_REMOTE_SETTINGS_DEVTOOLS=1 in the environment
1695754857979	Marionette	INFO	Marionette enabled
Dynamically enable window occlusion 0
1695754858055	Marionette	INFO	Listening on port 57600
WebDriver BiDi listening on ws://127.0.0.1:57588
Read port: 57600
1695754858264	RemoteAgent	WARN	TLS certificate errors will be ignored for this session
DevTools listening on ws://127.0.0.1:57588/devtools/browser/38299f78-aa9c-4bc8-b85d-7f796e359b0e
1695755050665	geckodriver	INFO	Listening on 127.0.0.1:57756
1695755053716	mozrunner::runner	INFO	Running command: "C:\\Users\\scarn\\.cache\\selenium\\firefox\\win64\\118.0\\firefox.exe" "--marionette" "--remote-debugging- ... 7" "--remote-allow-hosts" "localhost" "-no-remote" "-profile" "C:\\Users\\scarn\\AppData\\Local\\Temp\\rust_mozprofiletIAQx5"
console.warn: services.settings: Ignoring preference override of remote settings server
console.warn: services.settings: Allow by setting MOZ_REMOTE_SETTINGS_DEVTOOLS=1 in the environment
1695755054033	Marionette	INFO	Marionette enabled
Dynamically enable window occlusion 0
1695755054105	Marionette	INFO	Listening on port 57766
WebDriver BiDi listening on ws://127.0.0.1:57757
Read port: 57766
1695755054310	RemoteAgent	WARN	TLS certificate errors will be ignored for this session
DevTools listening on ws://127.0.0.1:57757/devtools/browser/fd99afb3-3bb5-4a0a-a123-11d71258743c
console.warn: LoginRecipes: "Falling back to a synchronous message for: https://siga.usm.cl."
console.warn: LoginRecipes: "Falling back to a synchronous message for: https://siga.usm.cl."
1695755072640	Marionette	WARN	Ignoring event 'DOMContentLoaded' because document has an invalid readyState of 'complete'.
console.warn: LoginRecipes: "Falling back to a synchronous message for: https://siga.usm.cl."
1695755111897	Marionette	WARN	Ignoring event 'DOMContentLoaded' because document has an invalid readyState of 'complete'.
1695755130765	Marionette	WARN	Ignoring event 'DOMContentLoaded' because document has an invalid readyState of 'complete'.
